<?xml version="1.0" encoding="UTF-8"?>
<testsuite xmlns:xsi="http://www.w3.org/2001/XMLSchema-instance" xsi:noNamespaceSchemaLocation="https://maven.apache.org/surefire/maven-surefire-plugin/xsd/surefire-test-report-3.0.xsd" version="3.0" name="com.devops.mav.AppTest" time="0.027" tests="1" errors="0" skipped="0" failures="0">
  <properties>
    <property name="java.specification.version" value="21"/>
    <property name="sun.cpu.isalist" value="amd64"/>
    <property name="sun.jnu.encoding" value="Cp1252"/>
    <property name="java.class.path" value="C:\Users\adyas\OneDrive\Desktop\devopsmavenapp\target\test-classes;C:\Users\adyas\OneDrive\Desktop\devopsmavenapp\target\classes;C:\Users\adyas\.m2\repository\junit\junit\3.8.1\junit-3.8.1.jar;"/>
    <property name="java.vm.vendor" value="Oracle Corporation"/>
    <property name="sun.arch.data.model" value="64"/>
    <property name="user.variant" value=""/>
    <property name="java.vendor.url" value="https://java.oracle.com/"/>
    <property name="user.timezone" value="Asia/Calcutta"/>
    <property name="os.name" value="Windows 11"/>
    <property name="java.vm.specification.version" value="21"/>
    <property name="sun.java.launcher" value="SUN_STANDARD"/>
    <property name="user.country" value="IN"/>
    <property name="sun.boot.library.path" value="C:\Program Files\Java\jdk-21\bin"/>
    <property name="sun.java.command" value="C:\Users\adyas\AppData\Local\Temp\surefire11756783488079936515\surefirebooter-20250729140112187_3.jar C:\Users\adyas\AppData\Local\Temp\surefire11756783488079936515 2025-07-29T14-01-10_723-jvmRun1 surefire-20250729140112187_1tmp surefire_0-20250729140112187_2tmp"/>
    <property name="jdk.debug" value="release"/>
    <property name="surefire.test.class.path" value="C:\Users\adyas\OneDrive\Desktop\devopsmavenapp\target\test-classes;C:\Users\adyas\OneDrive\Desktop\devopsmavenapp\target\classes;C:\Users\adyas\.m2\repository\junit\junit\3.8.1\junit-3.8.1.jar;"/>
    <property name="sun.cpu.endian" value="little"/>
    <property name="user.home" value="C:\Users\adyas"/>
    <property name="user.language" value="en"/>
    <property name="java.specification.vendor" value="Oracle Corporation"/>
    <property name="java.version.date" value="2025-04-15"/>
    <property name="java.home" value="C:\Program Files\Java\jdk-21"/>
    <property name="file.separator" value="\"/>
    <property name="basedir" value="C:\Users\adyas\OneDrive\Desktop\devopsmavenapp"/>
    <property name="java.vm.compressedOopsMode" value="Zero based"/>
    <property name="line.separator" value="&#10;"/>
    <property name="java.vm.specification.vendor" value="Oracle Corporation"/>
    <property name="java.specification.name" value="Java Platform API Specification"/>
    <property name="surefire.real.class.path" value="C:\Users\adyas\AppData\Local\Temp\surefire11756783488079936515\surefirebooter-20250729140112187_3.jar"/>
    <property name="user.script" value=""/>
    <property name="sun.management.compiler" value="HotSpot 64-Bit Tiered Compilers"/>
    <property name="java.runtime.version" value="21.0.7+8-LTS-245"/>
    <property name="user.name" value="adyas"/>
    <property name="stdout.encoding" value="Cp1252"/>
    <property name="path.separator" value=";"/>
    <property name="os.version" value="10.0"/>
    <property name="java.runtime.name" value="Java(TM) SE Runtime Environment"/>
    <property name="file.encoding" value="UTF-8"/>
    <property name="java.vm.name" value="Java HotSpot(TM) 64-Bit Server VM"/>
    <property name="localRepository" value="C:\Users\adyas\.m2\repository"/>
    <property name="java.vendor.url.bug" value="https://bugreport.java.com/bugreport/"/>
    <property name="java.io.tmpdir" value="C:\Users\adyas\AppData\Local\Temp\"/>
    <property name="java.version" value="21.0.7"/>
    <property name="user.dir" value="C:\Users\adyas\OneDrive\Desktop\devopsmavenapp"/>
    <property name="os.arch" value="amd64"/>
    <property name="java.vm.specification.name" value="Java Virtual Machine Specification"/>
    <property name="sun.os.patch.level" value=""/>
    <property name="native.encoding" value="Cp1252"/>
    <property name="java.library.path" value="C:\Program Files\Java\jdk-21\bin;C:\Windows\Sun\Java\bin;C:\Windows\system32;C:\Windows;C:\Python313\Scripts\;C:\Python313\;C:\Program Files\Common Files\Oracle\Java\javapath;C:\Program Files (x86)\Common Files\Oracle\Java\javapath;C:\Windows\system32;C:\Windows;C:\Windows\System32\Wbem;C:\Windows\System32\WindowsPowerShell\v1.0\;C:\Windows\System32\OpenSSH\;C:\Program Files\Git\cmd;C:\Program Files\Cloud Foundry;C:\Program Files\Docker\Docker\resources\bin;C:\Users\adyas\AppData\Local\nvm;C:\nvm4w\nodejs;C:\nvm4w\nodejs\;C:\Users\adyas\AppData\Local\nvm\;C:\Program Files\MATLAB\R2025a\bin;C:\Users\adyas\OneDrive\Desktop\jdk-21_windows-x64_bin.exe;C:\Program Files\nodejs\;C:\ProgramData\chocolatey\bin;C:\Users\adyas\AppData\Local\Programs\Python\Python310\Scripts\;C:\Users\adyas\AppData\Local\Programs\Python\Python310\;C:\Users\adyas\AppData\Local\Programs\Python\Python314\Scripts\;C:\Users\adyas\AppData\Local\Programs\Python\Python314\;C:\Users\adyas\AppData\Local\Microsoft\WindowsApps;C:\Users\adyas\AppData\Local\Programs\Microsoft VS Code\bin;C:\Users\Adyasha Subhadarsini\AppData\Local\Programs\Python\Python314\;C:\Users\Adyasha Subhadarsini\AppData\Local\Programs\Python\Python314\Scripts\;C:\Program Files\Java\jdk-21\bin;C:\Users\adyas\AppData\Local\Microsoft\WinGet\Packages\Schniz.fnm_Microsoft.Winget.Source_8wekyb3d8bbwe;C:\Users\adyas\OneDrive\Desktop\apache-maven-3.9.9\bin;C:\Users\adyas\AppData\Local\nvm;C:\nvm4w\nodejs;C:\MinGW\bin;C:\Program Files (x86)\GnuWin32\bin;C:\Users\adyas\AppData\Roaming\npm;C:\Program Files\nodejs\;C:\Users\adyas\OneDrive\Desktop\Dependencies\apache-maven-3.9.9\bin;C:\Program Files\Java\jdk-21\bin;;."/>
    <property name="java.vm.info" value="mixed mode, sharing"/>
    <property name="stderr.encoding" value="Cp1252"/>
    <property name="java.vendor" value="Oracle Corporation"/>
    <property name="java.vm.version" value="21.0.7+8-LTS-245"/>
    <property name="sun.io.unicode.encoding" value="UnicodeLittle"/>
    <property name="java.class.version" value="65.0"/>
  </properties>
  <testcase name="testApp" classname="com.devops.mav.AppTest" time="0.003"/>
</testsuite>